mode: atomic
github.com/LeandroAlcantara-1997/heroes-social-network/domain/heroes/service.go:24.24,30.2 1 2
github.com/LeandroAlcantara-1997/heroes-social-network/domain/heroes/service.go:32.106,34.57 2 3
github.com/LeandroAlcantara-1997/heroes-social-network/domain/heroes/service.go:34.57,37.3 2 1
github.com/LeandroAlcantara-1997/heroes-social-network/domain/heroes/service.go:39.2,39.59 1 2
github.com/LeandroAlcantara-1997/heroes-social-network/domain/heroes/service.go:39.59,41.54 2 1
github.com/LeandroAlcantara-1997/heroes-social-network/domain/heroes/service.go:41.54,44.4 2 0
github.com/LeandroAlcantara-1997/heroes-social-network/domain/heroes/service.go:45.3,45.42 1 1
github.com/LeandroAlcantara-1997/heroes-social-network/domain/heroes/service.go:48.2,48.47 1 1
github.com/LeandroAlcantara-1997/heroes-social-network/domain/heroes/service.go:48.47,51.3 2 0
github.com/LeandroAlcantara-1997/heroes-social-network/domain/heroes/service.go:53.2,54.55 1 1
github.com/LeandroAlcantara-1997/heroes-social-network/domain/heroes/service.go:57.115,59.57 2 3
github.com/LeandroAlcantara-1997/heroes-social-network/domain/heroes/service.go:59.57,62.3 2 1
github.com/LeandroAlcantara-1997/heroes-social-network/domain/heroes/service.go:63.2,64.59 2 2
github.com/LeandroAlcantara-1997/heroes-social-network/domain/heroes/service.go:64.59,66.54 2 1
github.com/LeandroAlcantara-1997/heroes-social-network/domain/heroes/service.go:66.54,69.4 2 0
github.com/LeandroAlcantara-1997/heroes-social-network/domain/heroes/service.go:70.3,70.18 1 1
github.com/LeandroAlcantara-1997/heroes-social-network/domain/heroes/service.go:73.2,73.47 1 1
github.com/LeandroAlcantara-1997/heroes-social-network/domain/heroes/service.go:73.47,76.3 2 0
github.com/LeandroAlcantara-1997/heroes-social-network/domain/heroes/service.go:78.2,79.55 1 1
github.com/LeandroAlcantara-1997/heroes-social-network/domain/heroes/service.go:82.92,84.16 2 3
github.com/LeandroAlcantara-1997/heroes-social-network/domain/heroes/service.go:84.16,87.17 3 2
github.com/LeandroAlcantara-1997/heroes-social-network/domain/heroes/service.go:87.17,89.49 2 2
github.com/LeandroAlcantara-1997/heroes-social-network/domain/heroes/service.go:89.49,91.5 1 1
github.com/LeandroAlcantara-1997/heroes-social-network/domain/heroes/service.go:92.4,92.43 1 1
github.com/LeandroAlcantara-1997/heroes-social-network/domain/heroes/service.go:94.3,95.71 1 0
github.com/LeandroAlcantara-1997/heroes-social-network/domain/heroes/service.go:98.2,99.70 1 1
github.com/LeandroAlcantara-1997/heroes-social-network/domain/heroes/service.go:102.78,103.47 1 2
github.com/LeandroAlcantara-1997/heroes-social-network/domain/heroes/service.go:103.47,106.3 2 1
github.com/LeandroAlcantara-1997/heroes-social-network/domain/heroes/service.go:108.2,108.60 1 1
github.com/LeandroAlcantara-1997/heroes-social-network/domain/heroes/service.go:108.60,110.48 2 0
github.com/LeandroAlcantara-1997/heroes-social-network/domain/heroes/service.go:110.48,112.4 1 0
github.com/LeandroAlcantara-1997/heroes-social-network/domain/heroes/service.go:113.3,113.37 1 0
github.com/LeandroAlcantara-1997/heroes-social-network/domain/heroes/service.go:115.2,115.8 1 1
github.com/LeandroAlcantara-1997/heroes-social-network/domain/heroes/service.go:118.42,120.2 1 2
github.com/LeandroAlcantara-1997/heroes-social-network/exception/exception.go:12.33,16.2 1 0
github.com/LeandroAlcantara-1997/heroes-social-network/exception/exception.go:18.36,20.2 1 0
github.com/LeandroAlcantara-1997/heroes-social-network/exception/exception.go:34.40,36.15 2 0
github.com/LeandroAlcantara-1997/heroes-social-network/exception/exception.go:36.15,38.3 1 0
github.com/LeandroAlcantara-1997/heroes-social-network/exception/exception.go:39.2,39.76 1 0
github.com/LeandroAlcantara-1997/heroes-social-network/mock/cache_mock.go:27.55,31.2 3 9
github.com/LeandroAlcantara-1997/heroes-social-network/mock/cache_mock.go:34.53,36.2 1 9
github.com/LeandroAlcantara-1997/heroes-social-network/mock/cache_mock.go:39.67,44.2 4 4
github.com/LeandroAlcantara-1997/heroes-social-network/mock/cache_mock.go:47.76,50.2 2 4
github.com/LeandroAlcantara-1997/heroes-social-network/mock/cache_mock.go:53.79,59.2 5 3
github.com/LeandroAlcantara-1997/heroes-social-network/mock/cache_mock.go:62.73,65.2 2 3
github.com/LeandroAlcantara-1997/heroes-social-network/mock/cache_mock.go:68.70,73.2 4 2
github.com/LeandroAlcantara-1997/heroes-social-network/mock/cache_mock.go:76.74,79.2 2 2
github.com/LeandroAlcantara-1997/heroes-social-network/mock/hero_mock.go:27.53,31.2 3 0
github.com/LeandroAlcantara-1997/heroes-social-network/mock/hero_mock.go:34.51,36.2 1 0
github.com/LeandroAlcantara-1997/heroes-social-network/mock/hero_mock.go:39.73,44.2 4 0
github.com/LeandroAlcantara-1997/heroes-social-network/mock/hero_mock.go:47.82,50.2 2 0
github.com/LeandroAlcantara-1997/heroes-social-network/mock/hero_mock.go:53.93,59.2 5 0
github.com/LeandroAlcantara-1997/heroes-social-network/mock/hero_mock.go:62.79,65.2 2 0
github.com/LeandroAlcantara-1997/heroes-social-network/mock/hero_mock.go:68.107,74.2 5 0
github.com/LeandroAlcantara-1997/heroes-social-network/mock/hero_mock.go:77.81,80.2 2 0
github.com/LeandroAlcantara-1997/heroes-social-network/mock/hero_mock.go:83.116,89.2 5 0
github.com/LeandroAlcantara-1997/heroes-social-network/mock/hero_mock.go:92.83,95.2 2 0
github.com/LeandroAlcantara-1997/heroes-social-network/mock/log_mock.go:26.51,30.2 3 7
github.com/LeandroAlcantara-1997/heroes-social-network/mock/log_mock.go:33.49,35.2 1 7
github.com/LeandroAlcantara-1997/heroes-social-network/mock/log_mock.go:38.69,41.2 2 9
github.com/LeandroAlcantara-1997/heroes-social-network/mock/log_mock.go:44.84,47.2 2 7
github.com/LeandroAlcantara-1997/heroes-social-network/mock/log_mock.go:50.81,53.2 2 0
github.com/LeandroAlcantara-1997/heroes-social-network/mock/log_mock.go:56.92,59.2 2 0
github.com/LeandroAlcantara-1997/heroes-social-network/mock/repository_mock.go:27.65,31.2 3 6
github.com/LeandroAlcantara-1997/heroes-social-network/mock/repository_mock.go:34.63,36.2 1 6
github.com/LeandroAlcantara-1997/heroes-social-network/mock/repository_mock.go:39.82,44.2 4 2
github.com/LeandroAlcantara-1997/heroes-social-network/mock/repository_mock.go:47.86,50.2 2 2
github.com/LeandroAlcantara-1997/heroes-social-network/mock/repository_mock.go:53.79,58.2 4 0
github.com/LeandroAlcantara-1997/heroes-social-network/mock/repository_mock.go:61.88,64.2 2 0
github.com/LeandroAlcantara-1997/heroes-social-network/mock/repository_mock.go:67.91,73.2 5 2
github.com/LeandroAlcantara-1997/heroes-social-network/mock/repository_mock.go:76.85,79.2 2 2
github.com/LeandroAlcantara-1997/heroes-social-network/mock/repository_mock.go:82.82,87.2 4 2
github.com/LeandroAlcantara-1997/heroes-social-network/mock/repository_mock.go:90.86,93.2 2 2
github.com/LeandroAlcantara-1997/heroes-social-network/mock/repository_mock.go:107.73,111.2 3 1
github.com/LeandroAlcantara-1997/heroes-social-network/mock/repository_mock.go:114.71,116.2 1 1
github.com/LeandroAlcantara-1997/heroes-social-network/mock/repository_mock.go:119.86,124.2 4 0
github.com/LeandroAlcantara-1997/heroes-social-network/mock/repository_mock.go:127.90,130.2 2 0
github.com/LeandroAlcantara-1997/heroes-social-network/mock/repository_mock.go:133.83,138.2 4 1
github.com/LeandroAlcantara-1997/heroes-social-network/mock/repository_mock.go:141.92,144.2 2 1
github.com/LeandroAlcantara-1997/heroes-social-network/mock/repository_mock.go:147.95,153.2 5 0
github.com/LeandroAlcantara-1997/heroes-social-network/mock/repository_mock.go:156.89,159.2 2 0
github.com/LeandroAlcantara-1997/heroes-social-network/mock/repository_mock.go:162.86,167.2 4 0
github.com/LeandroAlcantara-1997/heroes-social-network/mock/repository_mock.go:170.90,173.2 2 0
github.com/LeandroAlcantara-1997/heroes-social-network/model/model.go:27.54,33.2 1 0
github.com/LeandroAlcantara-1997/heroes-social-network/model/model.go:35.51,45.2 1 6
github.com/LeandroAlcantara-1997/heroes-social-network/model/model.go:55.44,57.18 2 6
github.com/LeandroAlcantara-1997/heroes-social-network/model/model.go:58.28,59.14 1 4
github.com/LeandroAlcantara-1997/heroes-social-network/model/model.go:61.2,61.14 1 2
github.com/LeandroAlcantara-1997/heroes-social-network/ports/input/hero.go:29.36,40.2 1 3
github.com/LeandroAlcantara-1997/heroes-social-network/exception/exception.go:12.33,16.2 1 18
github.com/LeandroAlcantara-1997/heroes-social-network/exception/exception.go:18.36,20.2 1 0
github.com/LeandroAlcantara-1997/heroes-social-network/exception/exception.go:34.40,36.15 2 9
github.com/LeandroAlcantara-1997/heroes-social-network/exception/exception.go:36.15,38.3 1 9
github.com/LeandroAlcantara-1997/heroes-social-network/exception/exception.go:39.2,39.76 1 0
github.com/LeandroAlcantara-1997/heroes-social-network/mock/cache_mock.go:27.55,31.2 3 0
github.com/LeandroAlcantara-1997/heroes-social-network/mock/cache_mock.go:34.53,36.2 1 0
github.com/LeandroAlcantara-1997/heroes-social-network/mock/cache_mock.go:39.67,44.2 4 0
github.com/LeandroAlcantara-1997/heroes-social-network/mock/cache_mock.go:47.76,50.2 2 0
github.com/LeandroAlcantara-1997/heroes-social-network/mock/cache_mock.go:53.79,59.2 5 0
github.com/LeandroAlcantara-1997/heroes-social-network/mock/cache_mock.go:62.73,65.2 2 0
github.com/LeandroAlcantara-1997/heroes-social-network/mock/cache_mock.go:68.70,73.2 4 0
github.com/LeandroAlcantara-1997/heroes-social-network/mock/cache_mock.go:76.74,79.2 2 0
github.com/LeandroAlcantara-1997/heroes-social-network/mock/hero_mock.go:27.53,31.2 3 12
github.com/LeandroAlcantara-1997/heroes-social-network/mock/hero_mock.go:34.51,36.2 1 12
github.com/LeandroAlcantara-1997/heroes-social-network/mock/hero_mock.go:39.73,44.2 4 3
github.com/LeandroAlcantara-1997/heroes-social-network/mock/hero_mock.go:47.82,50.2 2 3
github.com/LeandroAlcantara-1997/heroes-social-network/mock/hero_mock.go:53.93,59.2 5 3
github.com/LeandroAlcantara-1997/heroes-social-network/mock/hero_mock.go:62.79,65.2 2 3
github.com/LeandroAlcantara-1997/heroes-social-network/mock/hero_mock.go:68.107,74.2 5 3
github.com/LeandroAlcantara-1997/heroes-social-network/mock/hero_mock.go:77.81,80.2 2 3
github.com/LeandroAlcantara-1997/heroes-social-network/mock/hero_mock.go:83.116,89.2 5 3
github.com/LeandroAlcantara-1997/heroes-social-network/mock/hero_mock.go:92.83,95.2 2 3
github.com/LeandroAlcantara-1997/heroes-social-network/mock/log_mock.go:26.51,30.2 3 0
github.com/LeandroAlcantara-1997/heroes-social-network/mock/log_mock.go:33.49,35.2 1 0
github.com/LeandroAlcantara-1997/heroes-social-network/mock/log_mock.go:38.69,41.2 2 0
github.com/LeandroAlcantara-1997/heroes-social-network/mock/log_mock.go:44.84,47.2 2 0
github.com/LeandroAlcantara-1997/heroes-social-network/mock/log_mock.go:50.81,53.2 2 0
github.com/LeandroAlcantara-1997/heroes-social-network/mock/log_mock.go:56.92,59.2 2 0
github.com/LeandroAlcantara-1997/heroes-social-network/mock/repository_mock.go:27.65,31.2 3 0
github.com/LeandroAlcantara-1997/heroes-social-network/mock/repository_mock.go:34.63,36.2 1 0
github.com/LeandroAlcantara-1997/heroes-social-network/mock/repository_mock.go:39.82,44.2 4 0
github.com/LeandroAlcantara-1997/heroes-social-network/mock/repository_mock.go:47.86,50.2 2 0
github.com/LeandroAlcantara-1997/heroes-social-network/mock/repository_mock.go:53.79,58.2 4 0
github.com/LeandroAlcantara-1997/heroes-social-network/mock/repository_mock.go:61.88,64.2 2 0
github.com/LeandroAlcantara-1997/heroes-social-network/mock/repository_mock.go:67.91,73.2 5 0
github.com/LeandroAlcantara-1997/heroes-social-network/mock/repository_mock.go:76.85,79.2 2 0
github.com/LeandroAlcantara-1997/heroes-social-network/mock/repository_mock.go:82.82,87.2 4 0
github.com/LeandroAlcantara-1997/heroes-social-network/mock/repository_mock.go:90.86,93.2 2 0
github.com/LeandroAlcantara-1997/heroes-social-network/mock/repository_mock.go:107.73,111.2 3 0
github.com/LeandroAlcantara-1997/heroes-social-network/mock/repository_mock.go:114.71,116.2 1 0
github.com/LeandroAlcantara-1997/heroes-social-network/mock/repository_mock.go:119.86,124.2 4 0
github.com/LeandroAlcantara-1997/heroes-social-network/mock/repository_mock.go:127.90,130.2 2 0
github.com/LeandroAlcantara-1997/heroes-social-network/mock/repository_mock.go:133.83,138.2 4 0
github.com/LeandroAlcantara-1997/heroes-social-network/mock/repository_mock.go:141.92,144.2 2 0
github.com/LeandroAlcantara-1997/heroes-social-network/mock/repository_mock.go:147.95,153.2 5 0
github.com/LeandroAlcantara-1997/heroes-social-network/mock/repository_mock.go:156.89,159.2 2 0
github.com/LeandroAlcantara-1997/heroes-social-network/mock/repository_mock.go:162.86,167.2 4 0
github.com/LeandroAlcantara-1997/heroes-social-network/mock/repository_mock.go:170.90,173.2 2 0
github.com/LeandroAlcantara-1997/heroes-social-network/model/model.go:27.54,33.2 1 0
github.com/LeandroAlcantara-1997/heroes-social-network/model/model.go:35.51,45.2 1 0
github.com/LeandroAlcantara-1997/heroes-social-network/model/model.go:55.44,57.18 2 0
github.com/LeandroAlcantara-1997/heroes-social-network/model/model.go:58.28,59.14 1 0
github.com/LeandroAlcantara-1997/heroes-social-network/model/model.go:61.2,61.14 1 0
github.com/LeandroAlcantara-1997/heroes-social-network/ports/input/hero.go:29.36,40.2 1 0
github.com/LeandroAlcantara-1997/heroes-social-network/web/v1/heroes/handler.go:16.46,18.75 2 3
github.com/LeandroAlcantara-1997/heroes-social-network/web/v1/heroes/handler.go:18.75,21.3 2 0
github.com/LeandroAlcantara-1997/heroes-social-network/web/v1/heroes/handler.go:23.2,24.16 2 3
github.com/LeandroAlcantara-1997/heroes-social-network/web/v1/heroes/handler.go:24.16,28.3 3 2
github.com/LeandroAlcantara-1997/heroes-social-network/web/v1/heroes/handler.go:30.2,30.35 1 1
github.com/LeandroAlcantara-1997/heroes-social-network/web/v1/heroes/handler.go:33.45,39.75 2 3
github.com/LeandroAlcantara-1997/heroes-social-network/web/v1/heroes/handler.go:39.75,42.3 2 0
github.com/LeandroAlcantara-1997/heroes-social-network/web/v1/heroes/handler.go:44.2,45.16 2 3
github.com/LeandroAlcantara-1997/heroes-social-network/web/v1/heroes/handler.go:45.16,49.3 3 2
github.com/LeandroAlcantara-1997/heroes-social-network/web/v1/heroes/handler.go:51.2,51.35 1 1
github.com/LeandroAlcantara-1997/heroes-social-network/web/v1/heroes/handler.go:54.49,58.16 3 3
github.com/LeandroAlcantara-1997/heroes-social-network/web/v1/heroes/handler.go:58.16,62.3 3 3
github.com/LeandroAlcantara-1997/heroes-social-network/web/v1/heroes/handler.go:64.2,64.35 1 0
github.com/LeandroAlcantara-1997/heroes-social-network/web/v1/heroes/handler.go:67.52,70.58 2 3
github.com/LeandroAlcantara-1997/heroes-social-network/web/v1/heroes/handler.go:70.58,74.3 3 2
github.com/LeandroAlcantara-1997/heroes-social-network/web/v1/heroes/handler.go:76.2,76.36 1 1
