mode: atomic
github.com/LeandroAlcantara-1997/heroes-social-network/domain/heroes/service.go:24.24,30.2 1 2
github.com/LeandroAlcantara-1997/heroes-social-network/domain/heroes/service.go:32.106,34.57 2 3
github.com/LeandroAlcantara-1997/heroes-social-network/domain/heroes/service.go:34.57,37.3 2 1
github.com/LeandroAlcantara-1997/heroes-social-network/domain/heroes/service.go:39.2,39.59 1 2
github.com/LeandroAlcantara-1997/heroes-social-network/domain/heroes/service.go:39.59,41.58 2 1
github.com/LeandroAlcantara-1997/heroes-social-network/domain/heroes/service.go:41.58,44.4 2 0
github.com/LeandroAlcantara-1997/heroes-social-network/domain/heroes/service.go:45.3,45.42 1 1
github.com/LeandroAlcantara-1997/heroes-social-network/domain/heroes/service.go:48.2,48.51 1 1
github.com/LeandroAlcantara-1997/heroes-social-network/domain/heroes/service.go:48.51,51.3 2 0
github.com/LeandroAlcantara-1997/heroes-social-network/domain/heroes/service.go:53.2,54.55 1 1
github.com/LeandroAlcantara-1997/heroes-social-network/domain/heroes/service.go:57.115,59.57 2 3
github.com/LeandroAlcantara-1997/heroes-social-network/domain/heroes/service.go:59.57,62.3 2 1
github.com/LeandroAlcantara-1997/heroes-social-network/domain/heroes/service.go:63.2,64.59 2 2
github.com/LeandroAlcantara-1997/heroes-social-network/domain/heroes/service.go:64.59,66.58 2 1
github.com/LeandroAlcantara-1997/heroes-social-network/domain/heroes/service.go:66.58,69.4 2 0
github.com/LeandroAlcantara-1997/heroes-social-network/domain/heroes/service.go:70.3,70.18 1 1
github.com/LeandroAlcantara-1997/heroes-social-network/domain/heroes/service.go:73.2,73.51 1 1
github.com/LeandroAlcantara-1997/heroes-social-network/domain/heroes/service.go:73.51,76.3 2 0
github.com/LeandroAlcantara-1997/heroes-social-network/domain/heroes/service.go:78.2,79.55 1 1
github.com/LeandroAlcantara-1997/heroes-social-network/domain/heroes/service.go:82.92,84.16 2 3
github.com/LeandroAlcantara-1997/heroes-social-network/domain/heroes/service.go:84.16,87.17 3 2
github.com/LeandroAlcantara-1997/heroes-social-network/domain/heroes/service.go:87.17,89.49 2 2
github.com/LeandroAlcantara-1997/heroes-social-network/domain/heroes/service.go:89.49,91.5 1 1
github.com/LeandroAlcantara-1997/heroes-social-network/domain/heroes/service.go:92.4,92.43 1 1
github.com/LeandroAlcantara-1997/heroes-social-network/domain/heroes/service.go:94.3,95.71 1 0
github.com/LeandroAlcantara-1997/heroes-social-network/domain/heroes/service.go:98.2,99.70 1 1
github.com/LeandroAlcantara-1997/heroes-social-network/domain/heroes/service.go:102.78,103.51 1 2
github.com/LeandroAlcantara-1997/heroes-social-network/domain/heroes/service.go:103.51,106.3 2 1
github.com/LeandroAlcantara-1997/heroes-social-network/domain/heroes/service.go:108.2,108.60 1 1
github.com/LeandroAlcantara-1997/heroes-social-network/domain/heroes/service.go:108.60,110.48 2 0
github.com/LeandroAlcantara-1997/heroes-social-network/domain/heroes/service.go:110.48,112.4 1 0
github.com/LeandroAlcantara-1997/heroes-social-network/domain/heroes/service.go:113.3,113.37 1 0
github.com/LeandroAlcantara-1997/heroes-social-network/domain/heroes/service.go:115.2,115.8 1 1
github.com/LeandroAlcantara-1997/heroes-social-network/domain/heroes/service.go:118.42,120.2 1 2
github.com/LeandroAlcantara-1997/heroes-social-network/exception/exception.go:12.33,16.2 1 0
github.com/LeandroAlcantara-1997/heroes-social-network/exception/exception.go:18.36,20.2 1 0
github.com/LeandroAlcantara-1997/heroes-social-network/exception/exception.go:34.40,36.15 2 0
github.com/LeandroAlcantara-1997/heroes-social-network/exception/exception.go:36.15,38.3 1 0
github.com/LeandroAlcantara-1997/heroes-social-network/exception/exception.go:39.2,39.76 1 0
github.com/LeandroAlcantara-1997/heroes-social-network/mock/cache_mock.go:27.55,31.2 3 9
github.com/LeandroAlcantara-1997/heroes-social-network/mock/cache_mock.go:34.53,36.2 1 9
github.com/LeandroAlcantara-1997/heroes-social-network/mock/cache_mock.go:39.71,44.2 4 4
github.com/LeandroAlcantara-1997/heroes-social-network/mock/cache_mock.go:47.80,50.2 2 4
github.com/LeandroAlcantara-1997/heroes-social-network/mock/cache_mock.go:53.71,58.2 4 0
github.com/LeandroAlcantara-1997/heroes-social-network/mock/cache_mock.go:61.80,64.2 2 0
github.com/LeandroAlcantara-1997/heroes-social-network/mock/cache_mock.go:67.83,73.2 5 3
github.com/LeandroAlcantara-1997/heroes-social-network/mock/cache_mock.go:76.77,79.2 2 3
github.com/LeandroAlcantara-1997/heroes-social-network/mock/cache_mock.go:82.83,88.2 5 0
github.com/LeandroAlcantara-1997/heroes-social-network/mock/cache_mock.go:91.77,94.2 2 0
github.com/LeandroAlcantara-1997/heroes-social-network/mock/cache_mock.go:97.74,102.2 4 2
github.com/LeandroAlcantara-1997/heroes-social-network/mock/cache_mock.go:105.78,108.2 2 2
github.com/LeandroAlcantara-1997/heroes-social-network/mock/cache_mock.go:111.74,116.2 4 0
github.com/LeandroAlcantara-1997/heroes-social-network/mock/cache_mock.go:119.78,122.2 2 0
github.com/LeandroAlcantara-1997/heroes-social-network/mock/cache_mock.go:136.63,140.2 3 0
github.com/LeandroAlcantara-1997/heroes-social-network/mock/cache_mock.go:143.61,145.2 1 0
github.com/LeandroAlcantara-1997/heroes-social-network/mock/cache_mock.go:148.75,153.2 4 0
github.com/LeandroAlcantara-1997/heroes-social-network/mock/cache_mock.go:156.84,159.2 2 0
github.com/LeandroAlcantara-1997/heroes-social-network/mock/cache_mock.go:162.87,168.2 5 0
github.com/LeandroAlcantara-1997/heroes-social-network/mock/cache_mock.go:171.81,174.2 2 0
github.com/LeandroAlcantara-1997/heroes-social-network/mock/cache_mock.go:177.78,182.2 4 0
github.com/LeandroAlcantara-1997/heroes-social-network/mock/cache_mock.go:185.82,188.2 2 0
github.com/LeandroAlcantara-1997/heroes-social-network/mock/cache_mock.go:202.63,206.2 3 0
github.com/LeandroAlcantara-1997/heroes-social-network/mock/cache_mock.go:209.61,211.2 1 0
github.com/LeandroAlcantara-1997/heroes-social-network/mock/cache_mock.go:214.75,219.2 4 0
github.com/LeandroAlcantara-1997/heroes-social-network/mock/cache_mock.go:222.84,225.2 2 0
github.com/LeandroAlcantara-1997/heroes-social-network/mock/cache_mock.go:228.87,234.2 5 0
github.com/LeandroAlcantara-1997/heroes-social-network/mock/cache_mock.go:237.81,240.2 2 0
github.com/LeandroAlcantara-1997/heroes-social-network/mock/cache_mock.go:243.78,248.2 4 0
github.com/LeandroAlcantara-1997/heroes-social-network/mock/cache_mock.go:251.82,254.2 2 0
github.com/LeandroAlcantara-1997/heroes-social-network/mock/hero_mock.go:27.53,31.2 3 0
github.com/LeandroAlcantara-1997/heroes-social-network/mock/hero_mock.go:34.51,36.2 1 0
github.com/LeandroAlcantara-1997/heroes-social-network/mock/hero_mock.go:39.73,44.2 4 0
github.com/LeandroAlcantara-1997/heroes-social-network/mock/hero_mock.go:47.82,50.2 2 0
github.com/LeandroAlcantara-1997/heroes-social-network/mock/hero_mock.go:53.92,59.2 5 0
github.com/LeandroAlcantara-1997/heroes-social-network/mock/hero_mock.go:62.79,65.2 2 0
github.com/LeandroAlcantara-1997/heroes-social-network/mock/hero_mock.go:68.105,74.2 5 0
github.com/LeandroAlcantara-1997/heroes-social-network/mock/hero_mock.go:77.81,80.2 2 0
github.com/LeandroAlcantara-1997/heroes-social-network/mock/hero_mock.go:83.114,89.2 5 0
github.com/LeandroAlcantara-1997/heroes-social-network/mock/hero_mock.go:92.83,95.2 2 0
github.com/LeandroAlcantara-1997/heroes-social-network/mock/log_mock.go:26.51,30.2 3 7
github.com/LeandroAlcantara-1997/heroes-social-network/mock/log_mock.go:33.49,35.2 1 7
github.com/LeandroAlcantara-1997/heroes-social-network/mock/log_mock.go:38.69,41.2 2 9
github.com/LeandroAlcantara-1997/heroes-social-network/mock/log_mock.go:44.84,47.2 2 7
github.com/LeandroAlcantara-1997/heroes-social-network/mock/log_mock.go:50.81,53.2 2 0
github.com/LeandroAlcantara-1997/heroes-social-network/mock/log_mock.go:56.92,59.2 2 0
github.com/LeandroAlcantara-1997/heroes-social-network/mock/repository_mock.go:27.65,31.2 3 7
github.com/LeandroAlcantara-1997/heroes-social-network/mock/repository_mock.go:34.63,36.2 1 7
github.com/LeandroAlcantara-1997/heroes-social-network/mock/repository_mock.go:39.82,44.2 4 2
github.com/LeandroAlcantara-1997/heroes-social-network/mock/repository_mock.go:47.86,50.2 2 2
github.com/LeandroAlcantara-1997/heroes-social-network/mock/repository_mock.go:53.82,58.2 4 0
github.com/LeandroAlcantara-1997/heroes-social-network/mock/repository_mock.go:61.86,64.2 2 0
github.com/LeandroAlcantara-1997/heroes-social-network/mock/repository_mock.go:67.79,72.2 4 1
github.com/LeandroAlcantara-1997/heroes-social-network/mock/repository_mock.go:75.88,78.2 2 1
github.com/LeandroAlcantara-1997/heroes-social-network/mock/repository_mock.go:81.91,87.2 5 2
github.com/LeandroAlcantara-1997/heroes-social-network/mock/repository_mock.go:90.85,93.2 2 2
github.com/LeandroAlcantara-1997/heroes-social-network/mock/repository_mock.go:96.82,101.2 4 2
github.com/LeandroAlcantara-1997/heroes-social-network/mock/repository_mock.go:104.86,107.2 2 2
github.com/LeandroAlcantara-1997/heroes-social-network/mock/repository_mock.go:121.73,125.2 3 0
github.com/LeandroAlcantara-1997/heroes-social-network/mock/repository_mock.go:128.71,130.2 1 0
github.com/LeandroAlcantara-1997/heroes-social-network/mock/repository_mock.go:133.86,138.2 4 0
github.com/LeandroAlcantara-1997/heroes-social-network/mock/repository_mock.go:141.90,144.2 2 0
github.com/LeandroAlcantara-1997/heroes-social-network/mock/repository_mock.go:147.83,152.2 4 0
github.com/LeandroAlcantara-1997/heroes-social-network/mock/repository_mock.go:155.92,158.2 2 0
github.com/LeandroAlcantara-1997/heroes-social-network/mock/repository_mock.go:161.95,167.2 5 0
github.com/LeandroAlcantara-1997/heroes-social-network/mock/repository_mock.go:170.89,173.2 2 0
github.com/LeandroAlcantara-1997/heroes-social-network/mock/repository_mock.go:176.86,181.2 4 0
github.com/LeandroAlcantara-1997/heroes-social-network/mock/repository_mock.go:184.90,187.2 2 0
github.com/LeandroAlcantara-1997/heroes-social-network/mock/repository_mock.go:201.73,205.2 3 0
github.com/LeandroAlcantara-1997/heroes-social-network/mock/repository_mock.go:208.71,210.2 1 0
github.com/LeandroAlcantara-1997/heroes-social-network/mock/repository_mock.go:213.86,218.2 4 0
github.com/LeandroAlcantara-1997/heroes-social-network/mock/repository_mock.go:221.90,224.2 2 0
github.com/LeandroAlcantara-1997/heroes-social-network/mock/team_mock.go:27.53,31.2 3 0
github.com/LeandroAlcantara-1997/heroes-social-network/mock/team_mock.go:34.51,36.2 1 0
github.com/LeandroAlcantara-1997/heroes-social-network/mock/team_mock.go:39.105,45.2 5 0
github.com/LeandroAlcantara-1997/heroes-social-network/mock/team_mock.go:48.81,51.2 2 0
github.com/LeandroAlcantara-1997/heroes-social-network/model/hero.go:20.50,30.2 1 6
github.com/LeandroAlcantara-1997/heroes-social-network/model/model.go:13.44,15.18 2 6
github.com/LeandroAlcantara-1997/heroes-social-network/model/model.go:16.28,17.14 1 4
github.com/LeandroAlcantara-1997/heroes-social-network/model/model.go:19.2,19.14 1 2
github.com/LeandroAlcantara-1997/heroes-social-network/model/team.go:17.75,24.2 1 0
github.com/LeandroAlcantara-1997/heroes-social-network/ports/input/hero/hero.go:31.41,42.2 1 3
github.com/LeandroAlcantara-1997/heroes-social-network/ports/input/team/team.go:22.59,30.2 1 0
github.com/LeandroAlcantara-1997/heroes-social-network/exception/exception.go:12.33,16.2 1 18
github.com/LeandroAlcantara-1997/heroes-social-network/exception/exception.go:18.36,20.2 1 0
github.com/LeandroAlcantara-1997/heroes-social-network/exception/exception.go:34.40,36.15 2 9
github.com/LeandroAlcantara-1997/heroes-social-network/exception/exception.go:36.15,38.3 1 9
github.com/LeandroAlcantara-1997/heroes-social-network/exception/exception.go:39.2,39.76 1 0
github.com/LeandroAlcantara-1997/heroes-social-network/mock/cache_mock.go:27.55,31.2 3 0
github.com/LeandroAlcantara-1997/heroes-social-network/mock/cache_mock.go:34.53,36.2 1 0
github.com/LeandroAlcantara-1997/heroes-social-network/mock/cache_mock.go:39.71,44.2 4 0
github.com/LeandroAlcantara-1997/heroes-social-network/mock/cache_mock.go:47.80,50.2 2 0
github.com/LeandroAlcantara-1997/heroes-social-network/mock/cache_mock.go:53.71,58.2 4 0
github.com/LeandroAlcantara-1997/heroes-social-network/mock/cache_mock.go:61.80,64.2 2 0
github.com/LeandroAlcantara-1997/heroes-social-network/mock/cache_mock.go:67.83,73.2 5 0
github.com/LeandroAlcantara-1997/heroes-social-network/mock/cache_mock.go:76.77,79.2 2 0
github.com/LeandroAlcantara-1997/heroes-social-network/mock/cache_mock.go:82.83,88.2 5 0
github.com/LeandroAlcantara-1997/heroes-social-network/mock/cache_mock.go:91.77,94.2 2 0
github.com/LeandroAlcantara-1997/heroes-social-network/mock/cache_mock.go:97.74,102.2 4 0
github.com/LeandroAlcantara-1997/heroes-social-network/mock/cache_mock.go:105.78,108.2 2 0
github.com/LeandroAlcantara-1997/heroes-social-network/mock/cache_mock.go:111.74,116.2 4 0
github.com/LeandroAlcantara-1997/heroes-social-network/mock/cache_mock.go:119.78,122.2 2 0
github.com/LeandroAlcantara-1997/heroes-social-network/mock/cache_mock.go:136.63,140.2 3 0
github.com/LeandroAlcantara-1997/heroes-social-network/mock/cache_mock.go:143.61,145.2 1 0
github.com/LeandroAlcantara-1997/heroes-social-network/mock/cache_mock.go:148.75,153.2 4 0
github.com/LeandroAlcantara-1997/heroes-social-network/mock/cache_mock.go:156.84,159.2 2 0
github.com/LeandroAlcantara-1997/heroes-social-network/mock/cache_mock.go:162.87,168.2 5 0
github.com/LeandroAlcantara-1997/heroes-social-network/mock/cache_mock.go:171.81,174.2 2 0
github.com/LeandroAlcantara-1997/heroes-social-network/mock/cache_mock.go:177.78,182.2 4 0
github.com/LeandroAlcantara-1997/heroes-social-network/mock/cache_mock.go:185.82,188.2 2 0
github.com/LeandroAlcantara-1997/heroes-social-network/mock/cache_mock.go:202.63,206.2 3 0
github.com/LeandroAlcantara-1997/heroes-social-network/mock/cache_mock.go:209.61,211.2 1 0
github.com/LeandroAlcantara-1997/heroes-social-network/mock/cache_mock.go:214.75,219.2 4 0
github.com/LeandroAlcantara-1997/heroes-social-network/mock/cache_mock.go:222.84,225.2 2 0
github.com/LeandroAlcantara-1997/heroes-social-network/mock/cache_mock.go:228.87,234.2 5 0
github.com/LeandroAlcantara-1997/heroes-social-network/mock/cache_mock.go:237.81,240.2 2 0
github.com/LeandroAlcantara-1997/heroes-social-network/mock/cache_mock.go:243.78,248.2 4 0
github.com/LeandroAlcantara-1997/heroes-social-network/mock/cache_mock.go:251.82,254.2 2 0
github.com/LeandroAlcantara-1997/heroes-social-network/mock/hero_mock.go:27.53,31.2 3 12
github.com/LeandroAlcantara-1997/heroes-social-network/mock/hero_mock.go:34.51,36.2 1 12
github.com/LeandroAlcantara-1997/heroes-social-network/mock/hero_mock.go:39.73,44.2 4 3
github.com/LeandroAlcantara-1997/heroes-social-network/mock/hero_mock.go:47.82,50.2 2 3
github.com/LeandroAlcantara-1997/heroes-social-network/mock/hero_mock.go:53.92,59.2 5 3
github.com/LeandroAlcantara-1997/heroes-social-network/mock/hero_mock.go:62.79,65.2 2 3
github.com/LeandroAlcantara-1997/heroes-social-network/mock/hero_mock.go:68.105,74.2 5 3
github.com/LeandroAlcantara-1997/heroes-social-network/mock/hero_mock.go:77.81,80.2 2 3
github.com/LeandroAlcantara-1997/heroes-social-network/mock/hero_mock.go:83.114,89.2 5 3
github.com/LeandroAlcantara-1997/heroes-social-network/mock/hero_mock.go:92.83,95.2 2 3
github.com/LeandroAlcantara-1997/heroes-social-network/mock/log_mock.go:26.51,30.2 3 0
github.com/LeandroAlcantara-1997/heroes-social-network/mock/log_mock.go:33.49,35.2 1 0
github.com/LeandroAlcantara-1997/heroes-social-network/mock/log_mock.go:38.69,41.2 2 0
github.com/LeandroAlcantara-1997/heroes-social-network/mock/log_mock.go:44.84,47.2 2 0
github.com/LeandroAlcantara-1997/heroes-social-network/mock/log_mock.go:50.81,53.2 2 0
github.com/LeandroAlcantara-1997/heroes-social-network/mock/log_mock.go:56.92,59.2 2 0
github.com/LeandroAlcantara-1997/heroes-social-network/mock/repository_mock.go:27.65,31.2 3 0
github.com/LeandroAlcantara-1997/heroes-social-network/mock/repository_mock.go:34.63,36.2 1 0
github.com/LeandroAlcantara-1997/heroes-social-network/mock/repository_mock.go:39.82,44.2 4 0
github.com/LeandroAlcantara-1997/heroes-social-network/mock/repository_mock.go:47.86,50.2 2 0
github.com/LeandroAlcantara-1997/heroes-social-network/mock/repository_mock.go:53.82,58.2 4 0
github.com/LeandroAlcantara-1997/heroes-social-network/mock/repository_mock.go:61.86,64.2 2 0
github.com/LeandroAlcantara-1997/heroes-social-network/mock/repository_mock.go:67.79,72.2 4 0
github.com/LeandroAlcantara-1997/heroes-social-network/mock/repository_mock.go:75.88,78.2 2 0
github.com/LeandroAlcantara-1997/heroes-social-network/mock/repository_mock.go:81.91,87.2 5 0
github.com/LeandroAlcantara-1997/heroes-social-network/mock/repository_mock.go:90.85,93.2 2 0
github.com/LeandroAlcantara-1997/heroes-social-network/mock/repository_mock.go:96.82,101.2 4 0
github.com/LeandroAlcantara-1997/heroes-social-network/mock/repository_mock.go:104.86,107.2 2 0
github.com/LeandroAlcantara-1997/heroes-social-network/mock/repository_mock.go:121.73,125.2 3 0
github.com/LeandroAlcantara-1997/heroes-social-network/mock/repository_mock.go:128.71,130.2 1 0
github.com/LeandroAlcantara-1997/heroes-social-network/mock/repository_mock.go:133.86,138.2 4 0
github.com/LeandroAlcantara-1997/heroes-social-network/mock/repository_mock.go:141.90,144.2 2 0
github.com/LeandroAlcantara-1997/heroes-social-network/mock/repository_mock.go:147.83,152.2 4 0
github.com/LeandroAlcantara-1997/heroes-social-network/mock/repository_mock.go:155.92,158.2 2 0
github.com/LeandroAlcantara-1997/heroes-social-network/mock/repository_mock.go:161.95,167.2 5 0
github.com/LeandroAlcantara-1997/heroes-social-network/mock/repository_mock.go:170.89,173.2 2 0
github.com/LeandroAlcantara-1997/heroes-social-network/mock/repository_mock.go:176.86,181.2 4 0
github.com/LeandroAlcantara-1997/heroes-social-network/mock/repository_mock.go:184.90,187.2 2 0
github.com/LeandroAlcantara-1997/heroes-social-network/mock/repository_mock.go:201.73,205.2 3 0
github.com/LeandroAlcantara-1997/heroes-social-network/mock/repository_mock.go:208.71,210.2 1 0
github.com/LeandroAlcantara-1997/heroes-social-network/mock/repository_mock.go:213.86,218.2 4 0
github.com/LeandroAlcantara-1997/heroes-social-network/mock/repository_mock.go:221.90,224.2 2 0
github.com/LeandroAlcantara-1997/heroes-social-network/mock/team_mock.go:27.53,31.2 3 0
github.com/LeandroAlcantara-1997/heroes-social-network/mock/team_mock.go:34.51,36.2 1 0
github.com/LeandroAlcantara-1997/heroes-social-network/mock/team_mock.go:39.105,45.2 5 0
github.com/LeandroAlcantara-1997/heroes-social-network/mock/team_mock.go:48.81,51.2 2 0
github.com/LeandroAlcantara-1997/heroes-social-network/model/hero.go:20.50,30.2 1 0
github.com/LeandroAlcantara-1997/heroes-social-network/model/model.go:13.44,15.18 2 0
github.com/LeandroAlcantara-1997/heroes-social-network/model/model.go:16.28,17.14 1 0
github.com/LeandroAlcantara-1997/heroes-social-network/model/model.go:19.2,19.14 1 0
github.com/LeandroAlcantara-1997/heroes-social-network/model/team.go:17.75,24.2 1 0
github.com/LeandroAlcantara-1997/heroes-social-network/ports/input/hero/hero.go:31.41,42.2 1 0
github.com/LeandroAlcantara-1997/heroes-social-network/ports/input/team/team.go:22.59,30.2 1 0
github.com/LeandroAlcantara-1997/heroes-social-network/web/v1/heroes/handler.go:16.46,19.75 2 3
github.com/LeandroAlcantara-1997/heroes-social-network/web/v1/heroes/handler.go:19.75,22.3 2 0
github.com/LeandroAlcantara-1997/heroes-social-network/web/v1/heroes/handler.go:24.2,25.16 2 3
github.com/LeandroAlcantara-1997/heroes-social-network/web/v1/heroes/handler.go:25.16,29.3 3 2
github.com/LeandroAlcantara-1997/heroes-social-network/web/v1/heroes/handler.go:31.2,31.40 1 1
github.com/LeandroAlcantara-1997/heroes-social-network/web/v1/heroes/handler.go:34.45,40.75 2 3
github.com/LeandroAlcantara-1997/heroes-social-network/web/v1/heroes/handler.go:40.75,43.3 2 0
github.com/LeandroAlcantara-1997/heroes-social-network/web/v1/heroes/handler.go:45.2,46.16 2 3
github.com/LeandroAlcantara-1997/heroes-social-network/web/v1/heroes/handler.go:46.16,50.3 3 2
github.com/LeandroAlcantara-1997/heroes-social-network/web/v1/heroes/handler.go:52.2,52.35 1 1
github.com/LeandroAlcantara-1997/heroes-social-network/web/v1/heroes/handler.go:55.49,59.16 3 3
github.com/LeandroAlcantara-1997/heroes-social-network/web/v1/heroes/handler.go:59.16,63.3 3 3
github.com/LeandroAlcantara-1997/heroes-social-network/web/v1/heroes/handler.go:65.2,65.35 1 0
github.com/LeandroAlcantara-1997/heroes-social-network/web/v1/heroes/handler.go:68.52,71.58 2 3
github.com/LeandroAlcantara-1997/heroes-social-network/web/v1/heroes/handler.go:71.58,75.3 3 2
github.com/LeandroAlcantara-1997/heroes-social-network/web/v1/heroes/handler.go:77.2,77.33 1 1
